<?xml version="1.0" encoding="UTF-8"?>
<testng-results ignored="0" total="5" passed="5" failed="0" skipped="0">
  <reporter-output>
  </reporter-output>
  <suite started-at="2023-09-25T12:18:30 IST" name="DemoBlazeSuite" finished-at="2023-09-25T12:18:55 IST" duration-ms="24055">
    <groups>
      <group name="Master">
        <method signature="TC_003_PlaceOrder.test_Login()[pri:0, instance:testCases.TC_003_PlaceOrder@293a5bf6]" name="test_Login" class="testCases.TC_003_PlaceOrder"/>
        <method signature="TC_003_PlaceOrder.addToCart()[pri:0, instance:testCases.TC_003_PlaceOrder@293a5bf6]" name="addToCart" class="testCases.TC_003_PlaceOrder"/>
        <method signature="TC_001_CheckRegistration.test_account_Registration()[pri:0, instance:testCases.TC_001_CheckRegistration@72967906]" name="test_account_Registration" class="testCases.TC_001_CheckRegistration"/>
        <method signature="TC_002_CheckLogin.test_Login()[pri:0, instance:testCases.TC_002_CheckLogin@7d8995e]" name="test_Login" class="testCases.TC_002_CheckLogin"/>
      </group> <!-- Master -->
      <group name="Sanity">
        <method signature="TC_001_CheckRegistration.test_account_Registration()[pri:0, instance:testCases.TC_001_CheckRegistration@72967906]" name="test_account_Registration" class="testCases.TC_001_CheckRegistration"/>
        <method signature="TC_002_CheckLogin.test_Login()[pri:0, instance:testCases.TC_002_CheckLogin@7d8995e]" name="test_Login" class="testCases.TC_002_CheckLogin"/>
      </group> <!-- Sanity -->
      <group name="Regression">
        <method signature="TC_003_PlaceOrder.test_Login()[pri:0, instance:testCases.TC_003_PlaceOrder@293a5bf6]" name="test_Login" class="testCases.TC_003_PlaceOrder"/>
        <method signature="TC_003_PlaceOrder.addToCart()[pri:0, instance:testCases.TC_003_PlaceOrder@293a5bf6]" name="addToCart" class="testCases.TC_003_PlaceOrder"/>
      </group> <!-- Regression -->
    </groups>
    <test started-at="2023-09-25T12:18:30 IST" name="DemoBlazeTest" finished-at="2023-09-25T12:18:55 IST" duration-ms="24055">
      <class name="testCases.TC_001_CheckRegistration">
        <test-method is-config="true" signature="setup(java.lang.String)[pri:0, instance:testCases.TC_001_CheckRegistration@72967906]" started-at="2023-09-25T12:18:31 IST" name="setup" finished-at="2023-09-25T12:18:35 IST" duration-ms="4458" status="PASS">
          <params>
            <param index="0">
              <value>
                <![CDATA[chrome]]>
              </value>
            </param>
          </params>
          <reporter-output>
          </reporter-output>
        </test-method> <!-- setup -->
        <test-method signature="test_account_Registration()[pri:0, instance:testCases.TC_001_CheckRegistration@72967906]" started-at="2023-09-25T12:18:35 IST" name="test_account_Registration" finished-at="2023-09-25T12:18:37 IST" duration-ms="1711" status="PASS">
          <reporter-output>
          </reporter-output>
        </test-method> <!-- test_account_Registration -->
        <test-method is-config="true" signature="tearDown()[pri:0, instance:testCases.TC_001_CheckRegistration@72967906]" started-at="2023-09-25T12:18:37 IST" name="tearDown" finished-at="2023-09-25T12:18:37 IST" duration-ms="199" status="PASS">
          <reporter-output>
          </reporter-output>
        </test-method> <!-- tearDown -->
      </class> <!-- testCases.TC_001_CheckRegistration -->
      <class name="testCases.TC_002_CheckLogin">
        <test-method is-config="true" signature="setup(java.lang.String)[pri:0, instance:testCases.TC_002_CheckLogin@7d8995e]" started-at="2023-09-25T12:18:37 IST" name="setup" finished-at="2023-09-25T12:18:40 IST" duration-ms="2661" status="PASS">
          <params>
            <param index="0">
              <value>
                <![CDATA[chrome]]>
              </value>
            </param>
          </params>
          <reporter-output>
          </reporter-output>
        </test-method> <!-- setup -->
        <test-method signature="test_Login()[pri:0, instance:testCases.TC_002_CheckLogin@7d8995e]" started-at="2023-09-25T12:18:40 IST" name="test_Login" finished-at="2023-09-25T12:18:45 IST" duration-ms="5056" status="PASS">
          <reporter-output>
          </reporter-output>
        </test-method> <!-- test_Login -->
        <test-method is-config="true" signature="tearDown()[pri:0, instance:testCases.TC_002_CheckLogin@7d8995e]" started-at="2023-09-25T12:18:45 IST" name="tearDown" finished-at="2023-09-25T12:18:45 IST" duration-ms="181" status="PASS">
          <reporter-output>
          </reporter-output>
        </test-method> <!-- tearDown -->
      </class> <!-- testCases.TC_002_CheckLogin -->
      <class name="testCases.TC_003_PlaceOrder">
        <test-method is-config="true" signature="setup(java.lang.String)[pri:0, instance:testCases.TC_003_PlaceOrder@293a5bf6]" started-at="2023-09-25T12:18:45 IST" name="setup" finished-at="2023-09-25T12:18:48 IST" duration-ms="2581" status="PASS">
          <params>
            <param index="0">
              <value>
                <![CDATA[chrome]]>
              </value>
            </param>
          </params>
          <reporter-output>
          </reporter-output>
        </test-method> <!-- setup -->
        <test-method signature="test_Login()[pri:0, instance:testCases.TC_003_PlaceOrder@293a5bf6]" started-at="2023-09-25T12:18:48 IST" name="test_Login" finished-at="2023-09-25T12:18:50 IST" duration-ms="2751" status="PASS">
          <reporter-output>
          </reporter-output>
        </test-method> <!-- test_Login -->
        <test-method signature="addToCart()[pri:0, instance:testCases.TC_003_PlaceOrder@293a5bf6]" started-at="2023-09-25T12:18:50 IST" name="addToCart" finished-at="2023-09-25T12:18:54 IST" depends-on-methods="testCases.TC_003_PlaceOrder.test_Login" duration-ms="3714" status="PASS">
          <reporter-output>
          </reporter-output>
        </test-method> <!-- addToCart -->
        <test-method signature="placeOrder()[pri:0, instance:testCases.TC_003_PlaceOrder@293a5bf6]" started-at="2023-09-25T12:18:54 IST" name="placeOrder" finished-at="2023-09-25T12:18:54 IST" depends-on-methods="testCases.TC_003_PlaceOrder.addToCart, testCases.TC_003_PlaceOrder.test_Login" duration-ms="150" status="PASS">
          <reporter-output>
          </reporter-output>
        </test-method> <!-- placeOrder -->
        <test-method is-config="true" signature="tearDown()[pri:0, instance:testCases.TC_003_PlaceOrder@293a5bf6]" started-at="2023-09-25T12:18:54 IST" name="tearDown" finished-at="2023-09-25T12:18:55 IST" duration-ms="293" status="PASS">
          <reporter-output>
          </reporter-output>
        </test-method> <!-- tearDown -->
      </class> <!-- testCases.TC_003_PlaceOrder -->
    </test> <!-- DemoBlazeTest -->
  </suite> <!-- DemoBlazeSuite -->
</testng-results>
