<?xml version="1.0" encoding="UTF-8"?>
<!-- Generated by org.testng.reporters.JUnitXMLReporter -->
<testsuite ignored="0" hostname="LAPTOP-ML7ORHO5" failures="0" tests="5" name="DemoBlazeTest" time="24.055" errors="0" timestamp="2023-09-25T12:18:55 IST">
  <testcase classname="testCases.TC_001_CheckRegistration" name="test_account_Registration" time="1.711"/>
  <testcase classname="testCases.TC_002_CheckLogin" name="test_Login" time="5.056"/>
  <testcase classname="testCases.TC_003_PlaceOrder" name="test_Login" time="2.751"/>
  <testcase classname="testCases.TC_003_PlaceOrder" name="addToCart" time="3.714"/>
  <testcase classname="testCases.TC_003_PlaceOrder" name="placeOrder" time="0.15"/>
</testsuite> <!-- DemoBlazeTest -->
