<?xml version="1.0" encoding="UTF-8"?>
<testng-results ignored="0" total="8" passed="8" failed="0" skipped="0">
  <reporter-output>
  </reporter-output>
  <suite started-at="2023-09-25T12:13:26 IST" name="DemoBlazeSuite" finished-at="2023-09-25T12:13:51 IST" duration-ms="24788">
    <groups>
    </groups>
    <test started-at="2023-09-25T12:13:26 IST" name="DataDrivenTest" finished-at="2023-09-25T12:13:51 IST" duration-ms="24788">
      <class name="testCases.TC_004a_DataDrivenLogin2">
        <test-method is-config="true" signature="setup(java.lang.String)[pri:0, instance:testCases.TC_004a_DataDrivenLogin2@fbd1f6]" started-at="2023-09-25T12:13:26 IST" name="setup" finished-at="2023-09-25T12:13:31 IST" duration-ms="4428" status="PASS">
          <params>
            <param index="0">
              <value>
                <![CDATA[chrome]]>
              </value>
            </param>
          </params>
          <reporter-output>
          </reporter-output>
        </test-method> <!-- setup -->
        <test-method signature="test_dataDrivenLogin(java.lang.String,java.lang.String,java.lang.String)[pri:0, instance:testCases.TC_004a_DataDrivenLogin2@fbd1f6]" started-at="2023-09-25T12:13:32 IST" name="test_dataDrivenLogin" data-provider="LoginData" finished-at="2023-09-25T12:13:35 IST" duration-ms="3033" status="PASS">
          <params>
            <param index="0">
              <value>
                <![CDATA[Alexander555]]>
              </value>
            </param>
            <param index="1">
              <value>
                <![CDATA[Chandi]]>
              </value>
            </param>
            <param index="2">
              <value>
                <![CDATA[Pass]]>
              </value>
            </param>
          </params>
          <reporter-output>
          </reporter-output>
        </test-method> <!-- test_dataDrivenLogin -->
        <test-method signature="test_dataDrivenLogin(java.lang.String,java.lang.String,java.lang.String)[pri:0, instance:testCases.TC_004a_DataDrivenLogin2@fbd1f6]" started-at="2023-09-25T12:13:35 IST" name="test_dataDrivenLogin" data-provider="LoginData" finished-at="2023-09-25T12:13:37 IST" duration-ms="1856" status="PASS">
          <params>
            <param index="0">
              <value>
                <![CDATA[Surya555]]>
              </value>
            </param>
            <param index="1">
              <value>
                <![CDATA[Kar]]>
              </value>
            </param>
            <param index="2">
              <value>
                <![CDATA[Pass]]>
              </value>
            </param>
          </params>
          <reporter-output>
          </reporter-output>
        </test-method> <!-- test_dataDrivenLogin -->
        <test-method signature="test_dataDrivenLogin(java.lang.String,java.lang.String,java.lang.String)[pri:0, instance:testCases.TC_004a_DataDrivenLogin2@fbd1f6]" started-at="2023-09-25T12:13:37 IST" name="test_dataDrivenLogin" data-provider="LoginData" finished-at="2023-09-25T12:13:39 IST" duration-ms="2151" status="PASS">
          <params>
            <param index="0">
              <value>
                <![CDATA[RohitS]]>
              </value>
            </param>
            <param index="1">
              <value>
                <![CDATA[IPL5]]>
              </value>
            </param>
            <param index="2">
              <value>
                <![CDATA[Pass]]>
              </value>
            </param>
          </params>
          <reporter-output>
          </reporter-output>
        </test-method> <!-- test_dataDrivenLogin -->
        <test-method signature="test_dataDrivenLogin(java.lang.String,java.lang.String,java.lang.String)[pri:0, instance:testCases.TC_004a_DataDrivenLogin2@fbd1f6]" started-at="2023-09-25T12:13:39 IST" name="test_dataDrivenLogin" data-provider="LoginData" finished-at="2023-09-25T12:13:41 IST" duration-ms="1969" status="PASS">
          <params>
            <param index="0">
              <value>
                <![CDATA[Halwa]]>
              </value>
            </param>
            <param index="1">
              <value>
                <![CDATA[Puri]]>
              </value>
            </param>
            <param index="2">
              <value>
                <![CDATA[Fail]]>
              </value>
            </param>
          </params>
          <reporter-output>
          </reporter-output>
        </test-method> <!-- test_dataDrivenLogin -->
        <test-method signature="test_dataDrivenLogin(java.lang.String,java.lang.String,java.lang.String)[pri:0, instance:testCases.TC_004a_DataDrivenLogin2@fbd1f6]" started-at="2023-09-25T12:13:41 IST" name="test_dataDrivenLogin" data-provider="LoginData" finished-at="2023-09-25T12:13:45 IST" duration-ms="3647" status="PASS">
          <params>
            <param index="0">
              <value>
                <![CDATA[Dhoti]]>
              </value>
            </param>
            <param index="1">
              <value>
                <![CDATA[Chor]]>
              </value>
            </param>
            <param index="2">
              <value>
                <![CDATA[Pass]]>
              </value>
            </param>
          </params>
          <reporter-output>
          </reporter-output>
        </test-method> <!-- test_dataDrivenLogin -->
        <test-method signature="test_dataDrivenLogin(java.lang.String,java.lang.String,java.lang.String)[pri:0, instance:testCases.TC_004a_DataDrivenLogin2@fbd1f6]" started-at="2023-09-25T12:13:45 IST" name="test_dataDrivenLogin" data-provider="LoginData" finished-at="2023-09-25T12:13:47 IST" duration-ms="2011" status="PASS">
          <params>
            <param index="0">
              <value>
                <![CDATA[Kaala]]>
              </value>
            </param>
            <param index="1">
              <value>
                <![CDATA[Jamun]]>
              </value>
            </param>
            <param index="2">
              <value>
                <![CDATA[Pass]]>
              </value>
            </param>
          </params>
          <reporter-output>
          </reporter-output>
        </test-method> <!-- test_dataDrivenLogin -->
        <test-method signature="test_dataDrivenLogin(java.lang.String,java.lang.String,java.lang.String)[pri:0, instance:testCases.TC_004a_DataDrivenLogin2@fbd1f6]" started-at="2023-09-25T12:13:47 IST" name="test_dataDrivenLogin" data-provider="LoginData" finished-at="2023-09-25T12:13:48 IST" duration-ms="1377" status="PASS">
          <params>
            <param index="0">
              <value>
                <![CDATA[Captain]]>
              </value>
            </param>
            <param index="1">
              <value>
                <![CDATA[Deadpool]]>
              </value>
            </param>
            <param index="2">
              <value>
                <![CDATA[Fail]]>
              </value>
            </param>
          </params>
          <reporter-output>
          </reporter-output>
        </test-method> <!-- test_dataDrivenLogin -->
        <test-method signature="test_dataDrivenLogin(java.lang.String,java.lang.String,java.lang.String)[pri:0, instance:testCases.TC_004a_DataDrivenLogin2@fbd1f6]" started-at="2023-09-25T12:13:48 IST" name="test_dataDrivenLogin" data-provider="LoginData" finished-at="2023-09-25T12:13:51 IST" duration-ms="2583" status="PASS">
          <params>
            <param index="0">
              <value>
                <![CDATA[Kaaju]]>
              </value>
            </param>
            <param index="1">
              <value>
                <![CDATA[Katli]]>
              </value>
            </param>
            <param index="2">
              <value>
                <![CDATA[Pass]]>
              </value>
            </param>
          </params>
          <reporter-output>
          </reporter-output>
        </test-method> <!-- test_dataDrivenLogin -->
        <test-method is-config="true" signature="tearDown()[pri:0, instance:testCases.TC_004a_DataDrivenLogin2@fbd1f6]" started-at="2023-09-25T12:13:51 IST" name="tearDown" finished-at="2023-09-25T12:13:51 IST" duration-ms="313" status="PASS">
          <reporter-output>
          </reporter-output>
        </test-method> <!-- tearDown -->
      </class> <!-- testCases.TC_004a_DataDrivenLogin2 -->
    </test> <!-- DataDrivenTest -->
  </suite> <!-- DemoBlazeSuite -->
</testng-results>
